<component name="libraryTable">
  <library name="junit-4.10">
    <CLASSES>
      <root url="jar://C:/Programs/gradle-1.3/lib/plugins/junit-4.10.jar!/" />
    </CLASSES>
    <JAVADOC />
    <SOURCES />
  </library>
</component>